   1               		.file	"main.c"
   2               	__SREG__ = 0x3f
   3               	__SP_H__ = 0x3e
   4               	__SP_L__ = 0x3d
   5               	__CCP__  = 0x34
   6               	__tmp_reg__ = 0
   7               	__zero_reg__ = 1
  15               	.Ltext0:
  16               	.global	main
  18               	main:
  19               	.LFB8:
  20               	.LM1:
  21 0000 0F93      		push r16
  22               	/* prologue: function */
  23               	/* frame size = 0 */
  24               	.LM2:
  25 0002 229A      		sbi 36-32,2
  26               	.LM3:
  27 0004 2A9A      		sbi 37-32,2
  28               	.LM4:
  29               	/* #APP */
  30               	 ;  102 "main.c" 1
  31 0006 7894      		sei
  32               	 ;  0 "" 2
  33               	/* #NOAPP */
  34               	.LBB4:
  35               	.LBB5:
  36               	.LM5:
  37 0008 0E94 0000 		call glcd_init
  38               	.LBE5:
  39               	.LBE4:
  40               	.LM6:
  41 000c 0E94 0000 		call glcd_clear
  42               	.LM7:
  43 0010 0E94 0000 		call glcd_write
  44               	.LM8:
  45 0014 80E0      		ldi r24,lo8(Font5x7)
  46 0016 90E0      		ldi r25,hi8(Font5x7)
  47 0018 65E0      		ldi r22,lo8(5)
  48 001a 47E0      		ldi r20,lo8(7)
  49 001c 20E2      		ldi r18,lo8(32)
  50 001e 0FE7      		ldi r16,lo8(127)
  51 0020 0E94 0000 		call glcd_tiny_set_font
  52               	.LM9:
  53 0024 0E94 0000 		call glcd_clear_buffer
  54               	.LM10:
  55 0028 88E0      		ldi r24,lo8(8)
  56 002a 8093 0000 		sts state,r24
  57               	.L15:
  58               	.LM11:
  59 002e 8091 0000 		lds r24,state
  60               	.L14:
  61 0032 8430      		cpi r24,lo8(4)
  62 0034 01F0      		breq .L6
  63 0036 8530      		cpi r24,lo8(5)
  64 0038 00F4      		brsh .L11
  65 003a 8230      		cpi r24,lo8(2)
  66 003c 01F0      		breq .L4
  67 003e 8330      		cpi r24,lo8(3)
  68 0040 00F4      		brsh .L5
  69 0042 8130      		cpi r24,lo8(1)
  70 0044 01F4      		brne .L14
  71 0046 00C0      		rjmp .L16
  72               	.L11:
  73 0048 8630      		cpi r24,lo8(6)
  74 004a 01F0      		breq .L8
  75 004c 8630      		cpi r24,lo8(6)
  76 004e 00F0      		brlo .L7
  77 0050 8730      		cpi r24,lo8(7)
  78 0052 01F0      		breq .L9
  79 0054 8830      		cpi r24,lo8(8)
  80 0056 01F4      		brne .L14
  81 0058 00C0      		rjmp .L17
  82               	.L16:
  83               	.LM12:
  84 005a 0E94 0000 		call glcd_test_circles
  85 005e 00C0      		rjmp .L15
  86               	.L4:
  87               	.LM13:
  88 0060 0E94 0000 		call glcd_test_counter_and_graph
  89 0064 00C0      		rjmp .L15
  90               	.L5:
  91               	.LM14:
  92 0066 0E94 0000 		call glcd_test_text_up_down
  93 006a 00C0      		rjmp .L15
  94               	.L6:
  95               	.LM15:
  96 006c 0E94 0000 		call glcd_test_tiny_text
  97 0070 00C0      		rjmp .L15
  98               	.L7:
  99               	.LM16:
 100 0072 0E94 0000 		call glcd_test_hello_world
 101 0076 00C0      		rjmp .L15
 102               	.L8:
 103               	.LM17:
 104 0078 0E94 0000 		call glcd_test_rectangles
 105 007c 00C0      		rjmp .L15
 106               	.L9:
 107               	.LM18:
 108 007e 0E94 0000 		call glcd_test_scrolling_graph
 109 0082 00C0      		rjmp .L15
 110               	.L17:
 111               	.LM19:
 112 0084 80E0      		ldi r24,lo8(batman)
 113 0086 90E0      		ldi r25,hi8(batman)
 114 0088 0E94 0000 		call glcd_draw_bitmap
 115               	.LM20:
 116 008c 0E94 0000 		call glcd_write
 117 0090 00C0      		rjmp .L15
 118               	.LFE8:
 120               	.global	batman
 121               		.section	.progmem.data,"a",@progbits
 124               	batman:
 125 0000 00        		.byte	0
 126 0001 00        		.byte	0
 127 0002 00        		.byte	0
 128 0003 00        		.byte	0
 129 0004 00        		.byte	0
 130 0005 00        		.byte	0
 131 0006 00        		.byte	0
 132 0007 00        		.byte	0
 133 0008 00        		.byte	0
 134 0009 00        		.byte	0
 135 000a 00        		.byte	0
 136 000b 00        		.byte	0
 137 000c 00        		.byte	0
 138 000d 00        		.byte	0
 139 000e 00        		.byte	0
 140 000f 00        		.byte	0
 141 0010 00        		.byte	0
 142 0011 00        		.byte	0
 143 0012 00        		.byte	0
 144 0013 00        		.byte	0
 145 0014 00        		.byte	0
 146 0015 00        		.byte	0
 147 0016 00        		.byte	0
 148 0017 00        		.byte	0
 149 0018 00        		.byte	0
 150 0019 00        		.byte	0
 151 001a 00        		.byte	0
 152 001b 00        		.byte	0
 153 001c 00        		.byte	0
 154 001d 00        		.byte	0
 155 001e 00        		.byte	0
 156 001f 00        		.byte	0
 157 0020 00        		.byte	0
 158 0021 00        		.byte	0
 159 0022 00        		.byte	0
 160 0023 00        		.byte	0
 161 0024 00        		.byte	0
 162 0025 00        		.byte	0
 163 0026 00        		.byte	0
 164 0027 00        		.byte	0
 165 0028 00        		.byte	0
 166 0029 00        		.byte	0
 167 002a 00        		.byte	0
 168 002b 00        		.byte	0
 169 002c 00        		.byte	0
 170 002d 00        		.byte	0
 171 002e 00        		.byte	0
 172 002f 00        		.byte	0
 173 0030 00        		.byte	0
 174 0031 00        		.byte	0
 175 0032 00        		.byte	0
 176 0033 00        		.byte	0
 177 0034 00        		.byte	0
 178 0035 00        		.byte	0
 179 0036 00        		.byte	0
 180 0037 00        		.byte	0
 181 0038 00        		.byte	0
 182 0039 00        		.byte	0
 183 003a 00        		.byte	0
 184 003b 00        		.byte	0
 185 003c 00        		.byte	0
 186 003d 00        		.byte	0
 187 003e 00        		.byte	0
 188 003f 00        		.byte	0
 189 0040 00        		.byte	0
 190 0041 00        		.byte	0
 191 0042 00        		.byte	0
 192 0043 00        		.byte	0
 193 0044 00        		.byte	0
 194 0045 00        		.byte	0
 195 0046 00        		.byte	0
 196 0047 00        		.byte	0
 197 0048 00        		.byte	0
 198 0049 00        		.byte	0
 199 004a 00        		.byte	0
 200 004b 00        		.byte	0
 201 004c 00        		.byte	0
 202 004d 00        		.byte	0
 203 004e 00        		.byte	0
 204 004f 00        		.byte	0
 205 0050 00        		.byte	0
 206 0051 00        		.byte	0
 207 0052 00        		.byte	0
 208 0053 00        		.byte	0
 209 0054 00        		.byte	0
 210 0055 00        		.byte	0
 211 0056 00        		.byte	0
 212 0057 00        		.byte	0
 213 0058 00        		.byte	0
 214 0059 00        		.byte	0
 215 005a 00        		.byte	0
 216 005b 00        		.byte	0
 217 005c 80        		.byte	-128
 218 005d C0        		.byte	-64
 219 005e C0        		.byte	-64
 220 005f E0        		.byte	-32
 221 0060 E0        		.byte	-32
 222 0061 F0        		.byte	-16
 223 0062 F0        		.byte	-16
 224 0063 F8        		.byte	-8
 225 0064 F8        		.byte	-8
 226 0065 F8        		.byte	-8
 227 0066 FC        		.byte	-4
 228 0067 FC        		.byte	-4
 229 0068 FE        		.byte	-2
 230 0069 FE        		.byte	-2
 231 006a FE        		.byte	-2
 232 006b FF        		.byte	-1
 233 006c FF        		.byte	-1
 234 006d FF        		.byte	-1
 235 006e FF        		.byte	-1
 236 006f E7        		.byte	-25
 237 0070 83        		.byte	-125
 238 0071 01        		.byte	1
 239 0072 01        		.byte	1
 240 0073 00        		.byte	0
 241 0074 00        		.byte	0
 242 0075 00        		.byte	0
 243 0076 00        		.byte	0
 244 0077 00        		.byte	0
 245 0078 00        		.byte	0
 246 0079 80        		.byte	-128
 247 007a C0        		.byte	-64
 248 007b FE        		.byte	-2
 249 007c FC        		.byte	-4
 250 007d F8        		.byte	-8
 251 007e F8        		.byte	-8
 252 007f FC        		.byte	-4
 253 0080 FE        		.byte	-2
 254 0081 C0        		.byte	-64
 255 0082 80        		.byte	-128
 256 0083 00        		.byte	0
 257 0084 00        		.byte	0
 258 0085 00        		.byte	0
 259 0086 00        		.byte	0
 260 0087 00        		.byte	0
 261 0088 00        		.byte	0
 262 0089 01        		.byte	1
 263 008a 01        		.byte	1
 264 008b 83        		.byte	-125
 265 008c E7        		.byte	-25
 266 008d FF        		.byte	-1
 267 008e FF        		.byte	-1
 268 008f FF        		.byte	-1
 269 0090 FF        		.byte	-1
 270 0091 FE        		.byte	-2
 271 0092 FE        		.byte	-2
 272 0093 FE        		.byte	-2
 273 0094 FC        		.byte	-4
 274 0095 FC        		.byte	-4
 275 0096 F8        		.byte	-8
 276 0097 F8        		.byte	-8
 277 0098 F8        		.byte	-8
 278 0099 F0        		.byte	-16
 279 009a F0        		.byte	-16
 280 009b E0        		.byte	-32
 281 009c E0        		.byte	-32
 282 009d C0        		.byte	-64
 283 009e C0        		.byte	-64
 284 009f 80        		.byte	-128
 285 00a0 00        		.byte	0
 286 00a1 00        		.byte	0
 287 00a2 00        		.byte	0
 288 00a3 00        		.byte	0
 289 00a4 00        		.byte	0
 290 00a5 00        		.byte	0
 291 00a6 00        		.byte	0
 292 00a7 00        		.byte	0
 293 00a8 C0        		.byte	-64
 294 00a9 E0        		.byte	-32
 295 00aa 70        		.byte	112
 296 00ab 78        		.byte	120
 297 00ac 3C        		.byte	60
 298 00ad 3E        		.byte	62
 299 00ae 3F        		.byte	63
 300 00af 3F        		.byte	63
 301 00b0 3F        		.byte	63
 302 00b1 3F        		.byte	63
 303 00b2 3F        		.byte	63
 304 00b3 3F        		.byte	63
 305 00b4 7F        		.byte	127
 306 00b5 7F        		.byte	127
 307 00b6 FF        		.byte	-1
 308 00b7 FF        		.byte	-1
 309 00b8 FF        		.byte	-1
 310 00b9 FF        		.byte	-1
 311 00ba FF        		.byte	-1
 312 00bb FF        		.byte	-1
 313 00bc FF        		.byte	-1
 314 00bd FF        		.byte	-1
 315 00be FF        		.byte	-1
 316 00bf FF        		.byte	-1
 317 00c0 FF        		.byte	-1
 318 00c1 FF        		.byte	-1
 319 00c2 FF        		.byte	-1
 320 00c3 FF        		.byte	-1
 321 00c4 FF        		.byte	-1
 322 00c5 FF        		.byte	-1
 323 00c6 FF        		.byte	-1
 324 00c7 FE        		.byte	-2
 325 00c8 FE        		.byte	-2
 326 00c9 FE        		.byte	-2
 327 00ca FE        		.byte	-2
 328 00cb FE        		.byte	-2
 329 00cc FF        		.byte	-1
 330 00cd FF        		.byte	-1
 331 00ce FF        		.byte	-1
 332 00cf FF        		.byte	-1
 333 00d0 FF        		.byte	-1
 334 00d1 FF        		.byte	-1
 335 00d2 FF        		.byte	-1
 336 00d3 FF        		.byte	-1
 337 00d4 FF        		.byte	-1
 338 00d5 FF        		.byte	-1
 339 00d6 FF        		.byte	-1
 340 00d7 FF        		.byte	-1
 341 00d8 FE        		.byte	-2
 342 00d9 FE        		.byte	-2
 343 00da FE        		.byte	-2
 344 00db FE        		.byte	-2
 345 00dc FE        		.byte	-2
 346 00dd FF        		.byte	-1
 347 00de FF        		.byte	-1
 348 00df FF        		.byte	-1
 349 00e0 FF        		.byte	-1
 350 00e1 FF        		.byte	-1
 351 00e2 FF        		.byte	-1
 352 00e3 FF        		.byte	-1
 353 00e4 FF        		.byte	-1
 354 00e5 FF        		.byte	-1
 355 00e6 FF        		.byte	-1
 356 00e7 FF        		.byte	-1
 357 00e8 FF        		.byte	-1
 358 00e9 FF        		.byte	-1
 359 00ea FF        		.byte	-1
 360 00eb FF        		.byte	-1
 361 00ec FF        		.byte	-1
 362 00ed FF        		.byte	-1
 363 00ee 7F        		.byte	127
 364 00ef 7F        		.byte	127
 365 00f0 3F        		.byte	63
 366 00f1 3F        		.byte	63
 367 00f2 3F        		.byte	63
 368 00f3 3F        		.byte	63
 369 00f4 3F        		.byte	63
 370 00f5 3F        		.byte	63
 371 00f6 3E        		.byte	62
 372 00f7 3C        		.byte	60
 373 00f8 78        		.byte	120
 374 00f9 70        		.byte	112
 375 00fa E0        		.byte	-32
 376 00fb C0        		.byte	-64
 377 00fc 00        		.byte	0
 378 00fd 00        		.byte	0
 379 00fe 00        		.byte	0
 380 00ff 00        		.byte	0
 381 0100 00        		.byte	0
 382 0101 00        		.byte	0
 383 0102 00        		.byte	0
 384 0103 00        		.byte	0
 385 0104 00        		.byte	0
 386 0105 00        		.byte	0
 387 0106 00        		.byte	0
 388 0107 00        		.byte	0
 389 0108 00        		.byte	0
 390 0109 00        		.byte	0
 391 010a 00        		.byte	0
 392 010b 01        		.byte	1
 393 010c 03        		.byte	3
 394 010d 0F        		.byte	15
 395 010e 3F        		.byte	63
 396 010f 7F        		.byte	127
 397 0110 3F        		.byte	63
 398 0111 3F        		.byte	63
 399 0112 1F        		.byte	31
 400 0113 1F        		.byte	31
 401 0114 0F        		.byte	15
 402 0115 0F        		.byte	15
 403 0116 0F        		.byte	15
 404 0117 0F        		.byte	15
 405 0118 0F        		.byte	15
 406 0119 1F        		.byte	31
 407 011a 1F        		.byte	31
 408 011b 1F        		.byte	31
 409 011c 3F        		.byte	63
 410 011d 3F        		.byte	63
 411 011e 7F        		.byte	127
 412 011f FF        		.byte	-1
 413 0120 FF        		.byte	-1
 414 0121 FF        		.byte	-1
 415 0122 FF        		.byte	-1
 416 0123 FF        		.byte	-1
 417 0124 FF        		.byte	-1
 418 0125 FF        		.byte	-1
 419 0126 FF        		.byte	-1
 420 0127 FF        		.byte	-1
 421 0128 FF        		.byte	-1
 422 0129 FF        		.byte	-1
 423 012a FF        		.byte	-1
 424 012b FF        		.byte	-1
 425 012c FF        		.byte	-1
 426 012d 7F        		.byte	127
 427 012e 3F        		.byte	63
 428 012f 3F        		.byte	63
 429 0130 1F        		.byte	31
 430 0131 1F        		.byte	31
 431 0132 1F        		.byte	31
 432 0133 0F        		.byte	15
 433 0134 0F        		.byte	15
 434 0135 0F        		.byte	15
 435 0136 0F        		.byte	15
 436 0137 1F        		.byte	31
 437 0138 1F        		.byte	31
 438 0139 1F        		.byte	31
 439 013a 3F        		.byte	63
 440 013b 3F        		.byte	63
 441 013c 7F        		.byte	127
 442 013d 3F        		.byte	63
 443 013e 0F        		.byte	15
 444 013f 03        		.byte	3
 445 0140 01        		.byte	1
 446 0141 00        		.byte	0
 447 0142 00        		.byte	0
 448 0143 00        		.byte	0
 449 0144 00        		.byte	0
 450 0145 00        		.byte	0
 451 0146 00        		.byte	0
 452 0147 00        		.byte	0
 453 0148 00        		.byte	0
 454 0149 00        		.byte	0
 455 014a 00        		.byte	0
 456 014b 00        		.byte	0
 457 014c 00        		.byte	0
 458 014d 00        		.byte	0
 459 014e 00        		.byte	0
 460 014f 00        		.byte	0
 461 0150 00        		.byte	0
 462 0151 00        		.byte	0
 463 0152 00        		.byte	0
 464 0153 00        		.byte	0
 465 0154 00        		.byte	0
 466 0155 00        		.byte	0
 467 0156 00        		.byte	0
 468 0157 00        		.byte	0
 469 0158 00        		.byte	0
 470 0159 00        		.byte	0
 471 015a 00        		.byte	0
 472 015b 00        		.byte	0
 473 015c 00        		.byte	0
 474 015d 00        		.byte	0
 475 015e 00        		.byte	0
 476 015f 00        		.byte	0
 477 0160 00        		.byte	0
 478 0161 00        		.byte	0
 479 0162 00        		.byte	0
 480 0163 00        		.byte	0
 481 0164 00        		.byte	0
 482 0165 00        		.byte	0
 483 0166 00        		.byte	0
 484 0167 00        		.byte	0
 485 0168 00        		.byte	0
 486 0169 00        		.byte	0
 487 016a 00        		.byte	0
 488 016b 00        		.byte	0
 489 016c 00        		.byte	0
 490 016d 00        		.byte	0
 491 016e 00        		.byte	0
 492 016f 00        		.byte	0
 493 0170 00        		.byte	0
 494 0171 00        		.byte	0
 495 0172 00        		.byte	0
 496 0173 00        		.byte	0
 497 0174 01        		.byte	1
 498 0175 03        		.byte	3
 499 0176 07        		.byte	7
 500 0177 0F        		.byte	15
 501 0178 3F        		.byte	63
 502 0179 FF        		.byte	-1
 503 017a FF        		.byte	-1
 504 017b 3F        		.byte	63
 505 017c 0F        		.byte	15
 506 017d 07        		.byte	7
 507 017e 03        		.byte	3
 508 017f 01        		.byte	1
 509 0180 00        		.byte	0
 510 0181 00        		.byte	0
 511 0182 00        		.byte	0
 512 0183 00        		.byte	0
 513 0184 00        		.byte	0
 514 0185 00        		.byte	0
 515 0186 00        		.byte	0
 516 0187 00        		.byte	0
 517 0188 00        		.byte	0
 518 0189 00        		.byte	0
 519 018a 00        		.byte	0
 520 018b 00        		.byte	0
 521 018c 00        		.byte	0
 522 018d 00        		.byte	0
 523 018e 00        		.byte	0
 524 018f 00        		.byte	0
 525 0190 00        		.byte	0
 526 0191 00        		.byte	0
 527 0192 00        		.byte	0
 528 0193 00        		.byte	0
 529 0194 00        		.byte	0
 530 0195 00        		.byte	0
 531 0196 00        		.byte	0
 532 0197 00        		.byte	0
 533 0198 00        		.byte	0
 534 0199 00        		.byte	0
 535 019a 00        		.byte	0
 536 019b 00        		.byte	0
 537 019c 00        		.byte	0
 538 019d 00        		.byte	0
 539 019e 00        		.byte	0
 540 019f 00        		.byte	0
 541 01a0 00        		.byte	0
 542 01a1 00        		.byte	0
 543 01a2 00        		.byte	0
 544 01a3 00        		.byte	0
 545 01a4 00        		.byte	0
 546 01a5 00        		.byte	0
 547 01a6 00        		.byte	0
 548 01a7 00        		.byte	0
 549 01a8 00        		.byte	0
 550 01a9 00        		.byte	0
 551 01aa 00        		.byte	0
 552 01ab 00        		.byte	0
 553 01ac 00        		.byte	0
 554 01ad 00        		.byte	0
 555 01ae 00        		.byte	0
 556 01af 00        		.byte	0
 557 01b0 00        		.byte	0
 558 01b1 00        		.byte	0
 559 01b2 00        		.byte	0
 560 01b3 00        		.byte	0
 561 01b4 00        		.byte	0
 562 01b5 00        		.byte	0
 563 01b6 00        		.byte	0
 564 01b7 00        		.byte	0
 565 01b8 00        		.byte	0
 566 01b9 00        		.byte	0
 567 01ba 00        		.byte	0
 568 01bb 00        		.byte	0
 569 01bc 00        		.byte	0
 570 01bd 00        		.byte	0
 571 01be 00        		.byte	0
 572 01bf 00        		.byte	0
 573 01c0 00        		.byte	0
 574 01c1 00        		.byte	0
 575 01c2 00        		.byte	0
 576 01c3 00        		.byte	0
 577 01c4 00        		.byte	0
 578 01c5 00        		.byte	0
 579 01c6 00        		.byte	0
 580 01c7 00        		.byte	0
 581 01c8 00        		.byte	0
 582 01c9 00        		.byte	0
 583 01ca 00        		.byte	0
 584 01cb 00        		.byte	0
 585 01cc 00        		.byte	0
 586 01cd 01        		.byte	1
 587 01ce 01        		.byte	1
 588 01cf 00        		.byte	0
 589 01d0 00        		.byte	0
 590 01d1 00        		.byte	0
 591 01d2 00        		.byte	0
 592 01d3 00        		.byte	0
 593 01d4 00        		.byte	0
 594 01d5 00        		.byte	0
 595 01d6 00        		.byte	0
 596 01d7 00        		.byte	0
 597 01d8 00        		.byte	0
 598 01d9 00        		.byte	0
 599 01da 00        		.byte	0
 600 01db 00        		.byte	0
 601 01dc 00        		.byte	0
 602 01dd 00        		.byte	0
 603 01de 00        		.byte	0
 604 01df 00        		.byte	0
 605 01e0 00        		.byte	0
 606 01e1 00        		.byte	0
 607 01e2 00        		.byte	0
 608 01e3 00        		.byte	0
 609 01e4 00        		.byte	0
 610 01e5 00        		.byte	0
 611 01e6 00        		.byte	0
 612 01e7 00        		.byte	0
 613 01e8 00        		.byte	0
 614 01e9 00        		.byte	0
 615 01ea 00        		.byte	0
 616 01eb 00        		.byte	0
 617 01ec 00        		.byte	0
 618 01ed 00        		.byte	0
 619 01ee 00        		.byte	0
 620 01ef 00        		.byte	0
 621 01f0 00        		.byte	0
 622 01f1 00        		.byte	0
 623 01f2 00        		.byte	0
 624 01f3 00        		.byte	0
 625 01f4 00        		.byte	0
 626 01f5 00        		.byte	0
 627 01f6 00        		.byte	0
 628 01f7 00        		.byte	0
 631               	Font5x7:
 632 01f8 00        		.byte	0
 633 01f9 00        		.byte	0
 634 01fa 00        		.byte	0
 635 01fb 00        		.byte	0
 636 01fc 00        		.byte	0
 637 01fd 00        		.byte	0
 638 01fe 00        		.byte	0
 639 01ff 5F        		.byte	95
 640 0200 00        		.byte	0
 641 0201 00        		.byte	0
 642 0202 00        		.byte	0
 643 0203 07        		.byte	7
 644 0204 00        		.byte	0
 645 0205 07        		.byte	7
 646 0206 00        		.byte	0
 647 0207 14        		.byte	20
 648 0208 7F        		.byte	127
 649 0209 14        		.byte	20
 650 020a 7F        		.byte	127
 651 020b 14        		.byte	20
 652 020c 24        		.byte	36
 653 020d 2A        		.byte	42
 654 020e 7F        		.byte	127
 655 020f 2A        		.byte	42
 656 0210 12        		.byte	18
 657 0211 23        		.byte	35
 658 0212 13        		.byte	19
 659 0213 08        		.byte	8
 660 0214 64        		.byte	100
 661 0215 62        		.byte	98
 662 0216 36        		.byte	54
 663 0217 49        		.byte	73
 664 0218 55        		.byte	85
 665 0219 22        		.byte	34
 666 021a 50        		.byte	80
 667 021b 00        		.byte	0
 668 021c 05        		.byte	5
 669 021d 03        		.byte	3
 670 021e 00        		.byte	0
 671 021f 00        		.byte	0
 672 0220 00        		.byte	0
 673 0221 1C        		.byte	28
 674 0222 22        		.byte	34
 675 0223 41        		.byte	65
 676 0224 00        		.byte	0
 677 0225 00        		.byte	0
 678 0226 41        		.byte	65
 679 0227 22        		.byte	34
 680 0228 1C        		.byte	28
 681 0229 00        		.byte	0
 682 022a 08        		.byte	8
 683 022b 2A        		.byte	42
 684 022c 1C        		.byte	28
 685 022d 2A        		.byte	42
 686 022e 08        		.byte	8
 687 022f 08        		.byte	8
 688 0230 08        		.byte	8
 689 0231 3E        		.byte	62
 690 0232 08        		.byte	8
 691 0233 08        		.byte	8
 692 0234 00        		.byte	0
 693 0235 50        		.byte	80
 694 0236 30        		.byte	48
 695 0237 00        		.byte	0
 696 0238 00        		.byte	0
 697 0239 08        		.byte	8
 698 023a 08        		.byte	8
 699 023b 08        		.byte	8
 700 023c 08        		.byte	8
 701 023d 08        		.byte	8
 702 023e 00        		.byte	0
 703 023f 60        		.byte	96
 704 0240 60        		.byte	96
 705 0241 00        		.byte	0
 706 0242 00        		.byte	0
 707 0243 20        		.byte	32
 708 0244 10        		.byte	16
 709 0245 08        		.byte	8
 710 0246 04        		.byte	4
 711 0247 02        		.byte	2
 712 0248 3E        		.byte	62
 713 0249 51        		.byte	81
 714 024a 49        		.byte	73
 715 024b 45        		.byte	69
 716 024c 3E        		.byte	62
 717 024d 00        		.byte	0
 718 024e 42        		.byte	66
 719 024f 7F        		.byte	127
 720 0250 40        		.byte	64
 721 0251 00        		.byte	0
 722 0252 42        		.byte	66
 723 0253 61        		.byte	97
 724 0254 51        		.byte	81
 725 0255 49        		.byte	73
 726 0256 46        		.byte	70
 727 0257 21        		.byte	33
 728 0258 41        		.byte	65
 729 0259 45        		.byte	69
 730 025a 4B        		.byte	75
 731 025b 31        		.byte	49
 732 025c 18        		.byte	24
 733 025d 14        		.byte	20
 734 025e 12        		.byte	18
 735 025f 7F        		.byte	127
 736 0260 10        		.byte	16
 737 0261 27        		.byte	39
 738 0262 45        		.byte	69
 739 0263 45        		.byte	69
 740 0264 45        		.byte	69
 741 0265 39        		.byte	57
 742 0266 3C        		.byte	60
 743 0267 4A        		.byte	74
 744 0268 49        		.byte	73
 745 0269 49        		.byte	73
 746 026a 30        		.byte	48
 747 026b 01        		.byte	1
 748 026c 71        		.byte	113
 749 026d 09        		.byte	9
 750 026e 05        		.byte	5
 751 026f 03        		.byte	3
 752 0270 36        		.byte	54
 753 0271 49        		.byte	73
 754 0272 49        		.byte	73
 755 0273 49        		.byte	73
 756 0274 36        		.byte	54
 757 0275 06        		.byte	6
 758 0276 49        		.byte	73
 759 0277 49        		.byte	73
 760 0278 29        		.byte	41
 761 0279 1E        		.byte	30
 762 027a 00        		.byte	0
 763 027b 36        		.byte	54
 764 027c 36        		.byte	54
 765 027d 00        		.byte	0
 766 027e 00        		.byte	0
 767 027f 00        		.byte	0
 768 0280 56        		.byte	86
 769 0281 36        		.byte	54
 770 0282 00        		.byte	0
 771 0283 00        		.byte	0
 772 0284 00        		.byte	0
 773 0285 08        		.byte	8
 774 0286 14        		.byte	20
 775 0287 22        		.byte	34
 776 0288 41        		.byte	65
 777 0289 14        		.byte	20
 778 028a 14        		.byte	20
 779 028b 14        		.byte	20
 780 028c 14        		.byte	20
 781 028d 14        		.byte	20
 782 028e 41        		.byte	65
 783 028f 22        		.byte	34
 784 0290 14        		.byte	20
 785 0291 08        		.byte	8
 786 0292 00        		.byte	0
 787 0293 02        		.byte	2
 788 0294 01        		.byte	1
 789 0295 51        		.byte	81
 790 0296 09        		.byte	9
 791 0297 06        		.byte	6
 792 0298 32        		.byte	50
 793 0299 49        		.byte	73
 794 029a 79        		.byte	121
 795 029b 41        		.byte	65
 796 029c 3E        		.byte	62
 797 029d 7E        		.byte	126
 798 029e 11        		.byte	17
 799 029f 11        		.byte	17
 800 02a0 11        		.byte	17
 801 02a1 7E        		.byte	126
 802 02a2 7F        		.byte	127
 803 02a3 49        		.byte	73
 804 02a4 49        		.byte	73
 805 02a5 49        		.byte	73
 806 02a6 36        		.byte	54
 807 02a7 3E        		.byte	62
 808 02a8 41        		.byte	65
 809 02a9 41        		.byte	65
 810 02aa 41        		.byte	65
 811 02ab 22        		.byte	34
 812 02ac 7F        		.byte	127
 813 02ad 41        		.byte	65
 814 02ae 41        		.byte	65
 815 02af 22        		.byte	34
 816 02b0 1C        		.byte	28
 817 02b1 7F        		.byte	127
 818 02b2 49        		.byte	73
 819 02b3 49        		.byte	73
 820 02b4 49        		.byte	73
 821 02b5 41        		.byte	65
 822 02b6 7F        		.byte	127
 823 02b7 09        		.byte	9
 824 02b8 09        		.byte	9
 825 02b9 01        		.byte	1
 826 02ba 01        		.byte	1
 827 02bb 3E        		.byte	62
 828 02bc 41        		.byte	65
 829 02bd 41        		.byte	65
 830 02be 51        		.byte	81
 831 02bf 32        		.byte	50
 832 02c0 7F        		.byte	127
 833 02c1 08        		.byte	8
 834 02c2 08        		.byte	8
 835 02c3 08        		.byte	8
 836 02c4 7F        		.byte	127
 837 02c5 00        		.byte	0
 838 02c6 41        		.byte	65
 839 02c7 7F        		.byte	127
 840 02c8 41        		.byte	65
 841 02c9 00        		.byte	0
 842 02ca 20        		.byte	32
 843 02cb 40        		.byte	64
 844 02cc 41        		.byte	65
 845 02cd 3F        		.byte	63
 846 02ce 01        		.byte	1
 847 02cf 7F        		.byte	127
 848 02d0 08        		.byte	8
 849 02d1 14        		.byte	20
 850 02d2 22        		.byte	34
 851 02d3 41        		.byte	65
 852 02d4 7F        		.byte	127
 853 02d5 40        		.byte	64
 854 02d6 40        		.byte	64
 855 02d7 40        		.byte	64
 856 02d8 40        		.byte	64
 857 02d9 7F        		.byte	127
 858 02da 02        		.byte	2
 859 02db 04        		.byte	4
 860 02dc 02        		.byte	2
 861 02dd 7F        		.byte	127
 862 02de 7F        		.byte	127
 863 02df 04        		.byte	4
 864 02e0 08        		.byte	8
 865 02e1 10        		.byte	16
 866 02e2 7F        		.byte	127
 867 02e3 3E        		.byte	62
 868 02e4 41        		.byte	65
 869 02e5 41        		.byte	65
 870 02e6 41        		.byte	65
 871 02e7 3E        		.byte	62
 872 02e8 7F        		.byte	127
 873 02e9 09        		.byte	9
 874 02ea 09        		.byte	9
 875 02eb 09        		.byte	9
 876 02ec 06        		.byte	6
 877 02ed 3E        		.byte	62
 878 02ee 41        		.byte	65
 879 02ef 51        		.byte	81
 880 02f0 21        		.byte	33
 881 02f1 5E        		.byte	94
 882 02f2 7F        		.byte	127
 883 02f3 09        		.byte	9
 884 02f4 19        		.byte	25
 885 02f5 29        		.byte	41
 886 02f6 46        		.byte	70
 887 02f7 46        		.byte	70
 888 02f8 49        		.byte	73
 889 02f9 49        		.byte	73
 890 02fa 49        		.byte	73
 891 02fb 31        		.byte	49
 892 02fc 01        		.byte	1
 893 02fd 01        		.byte	1
 894 02fe 7F        		.byte	127
 895 02ff 01        		.byte	1
 896 0300 01        		.byte	1
 897 0301 3F        		.byte	63
 898 0302 40        		.byte	64
 899 0303 40        		.byte	64
 900 0304 40        		.byte	64
 901 0305 3F        		.byte	63
 902 0306 1F        		.byte	31
 903 0307 20        		.byte	32
 904 0308 40        		.byte	64
 905 0309 20        		.byte	32
 906 030a 1F        		.byte	31
 907 030b 7F        		.byte	127
 908 030c 20        		.byte	32
 909 030d 18        		.byte	24
 910 030e 20        		.byte	32
 911 030f 7F        		.byte	127
 912 0310 63        		.byte	99
 913 0311 14        		.byte	20
 914 0312 08        		.byte	8
 915 0313 14        		.byte	20
 916 0314 63        		.byte	99
 917 0315 03        		.byte	3
 918 0316 04        		.byte	4
 919 0317 78        		.byte	120
 920 0318 04        		.byte	4
 921 0319 03        		.byte	3
 922 031a 61        		.byte	97
 923 031b 51        		.byte	81
 924 031c 49        		.byte	73
 925 031d 45        		.byte	69
 926 031e 43        		.byte	67
 927 031f 00        		.byte	0
 928 0320 00        		.byte	0
 929 0321 7F        		.byte	127
 930 0322 41        		.byte	65
 931 0323 41        		.byte	65
 932 0324 02        		.byte	2
 933 0325 04        		.byte	4
 934 0326 08        		.byte	8
 935 0327 10        		.byte	16
 936 0328 20        		.byte	32
 937 0329 41        		.byte	65
 938 032a 41        		.byte	65
 939 032b 7F        		.byte	127
 940 032c 00        		.byte	0
 941 032d 00        		.byte	0
 942 032e 04        		.byte	4
 943 032f 02        		.byte	2
 944 0330 01        		.byte	1
 945 0331 02        		.byte	2
 946 0332 04        		.byte	4
 947 0333 40        		.byte	64
 948 0334 40        		.byte	64
 949 0335 40        		.byte	64
 950 0336 40        		.byte	64
 951 0337 40        		.byte	64
 952 0338 00        		.byte	0
 953 0339 01        		.byte	1
 954 033a 02        		.byte	2
 955 033b 04        		.byte	4
 956 033c 00        		.byte	0
 957 033d 20        		.byte	32
 958 033e 54        		.byte	84
 959 033f 54        		.byte	84
 960 0340 54        		.byte	84
 961 0341 78        		.byte	120
 962 0342 7F        		.byte	127
 963 0343 48        		.byte	72
 964 0344 44        		.byte	68
 965 0345 44        		.byte	68
 966 0346 38        		.byte	56
 967 0347 38        		.byte	56
 968 0348 44        		.byte	68
 969 0349 44        		.byte	68
 970 034a 44        		.byte	68
 971 034b 20        		.byte	32
 972 034c 38        		.byte	56
 973 034d 44        		.byte	68
 974 034e 44        		.byte	68
 975 034f 48        		.byte	72
 976 0350 7F        		.byte	127
 977 0351 38        		.byte	56
 978 0352 54        		.byte	84
 979 0353 54        		.byte	84
 980 0354 54        		.byte	84
 981 0355 18        		.byte	24
 982 0356 08        		.byte	8
 983 0357 7E        		.byte	126
 984 0358 09        		.byte	9
 985 0359 01        		.byte	1
 986 035a 02        		.byte	2
 987 035b 08        		.byte	8
 988 035c 14        		.byte	20
 989 035d 54        		.byte	84
 990 035e 54        		.byte	84
 991 035f 3C        		.byte	60
 992 0360 7F        		.byte	127
 993 0361 08        		.byte	8
 994 0362 04        		.byte	4
 995 0363 04        		.byte	4
 996 0364 78        		.byte	120
 997 0365 00        		.byte	0
 998 0366 44        		.byte	68
 999 0367 7D        		.byte	125
 1000 0368 40        		.byte	64
 1001 0369 00        		.byte	0
 1002 036a 20        		.byte	32
 1003 036b 40        		.byte	64
 1004 036c 44        		.byte	68
 1005 036d 3D        		.byte	61
 1006 036e 00        		.byte	0
 1007 036f 00        		.byte	0
 1008 0370 7F        		.byte	127
 1009 0371 10        		.byte	16
 1010 0372 28        		.byte	40
 1011 0373 44        		.byte	68
 1012 0374 00        		.byte	0
 1013 0375 41        		.byte	65
 1014 0376 7F        		.byte	127
 1015 0377 40        		.byte	64
 1016 0378 00        		.byte	0
 1017 0379 7C        		.byte	124
 1018 037a 04        		.byte	4
 1019 037b 18        		.byte	24
 1020 037c 04        		.byte	4
 1021 037d 78        		.byte	120
 1022 037e 7C        		.byte	124
 1023 037f 08        		.byte	8
 1024 0380 04        		.byte	4
 1025 0381 04        		.byte	4
 1026 0382 78        		.byte	120
 1027 0383 38        		.byte	56
 1028 0384 44        		.byte	68
 1029 0385 44        		.byte	68
 1030 0386 44        		.byte	68
 1031 0387 38        		.byte	56
 1032 0388 7C        		.byte	124
 1033 0389 14        		.byte	20
 1034 038a 14        		.byte	20
 1035 038b 14        		.byte	20
 1036 038c 08        		.byte	8
 1037 038d 08        		.byte	8
 1038 038e 14        		.byte	20
 1039 038f 14        		.byte	20
 1040 0390 18        		.byte	24
 1041 0391 7C        		.byte	124
 1042 0392 7C        		.byte	124
 1043 0393 08        		.byte	8
 1044 0394 04        		.byte	4
 1045 0395 04        		.byte	4
 1046 0396 08        		.byte	8
 1047 0397 48        		.byte	72
 1048 0398 54        		.byte	84
 1049 0399 54        		.byte	84
 1050 039a 54        		.byte	84
 1051 039b 20        		.byte	32
 1052 039c 04        		.byte	4
 1053 039d 3F        		.byte	63
 1054 039e 44        		.byte	68
 1055 039f 40        		.byte	64
 1056 03a0 20        		.byte	32
 1057 03a1 3C        		.byte	60
 1058 03a2 40        		.byte	64
 1059 03a3 40        		.byte	64
 1060 03a4 20        		.byte	32
 1061 03a5 7C        		.byte	124
 1062 03a6 1C        		.byte	28
 1063 03a7 20        		.byte	32
 1064 03a8 40        		.byte	64
 1065 03a9 20        		.byte	32
 1066 03aa 1C        		.byte	28
 1067 03ab 3C        		.byte	60
 1068 03ac 40        		.byte	64
 1069 03ad 30        		.byte	48
 1070 03ae 40        		.byte	64
 1071 03af 3C        		.byte	60
 1072 03b0 44        		.byte	68
 1073 03b1 28        		.byte	40
 1074 03b2 10        		.byte	16
 1075 03b3 28        		.byte	40
 1076 03b4 44        		.byte	68
 1077 03b5 0C        		.byte	12
 1078 03b6 50        		.byte	80
 1079 03b7 50        		.byte	80
 1080 03b8 50        		.byte	80
 1081 03b9 3C        		.byte	60
 1082 03ba 44        		.byte	68
 1083 03bb 64        		.byte	100
 1084 03bc 54        		.byte	84
 1085 03bd 4C        		.byte	76
 1086 03be 44        		.byte	68
 1087 03bf 00        		.byte	0
 1088 03c0 08        		.byte	8
 1089 03c1 36        		.byte	54
 1090 03c2 41        		.byte	65
 1091 03c3 00        		.byte	0
 1092 03c4 00        		.byte	0
 1093 03c5 00        		.byte	0
 1094 03c6 7F        		.byte	127
 1095 03c7 00        		.byte	0
 1096 03c8 00        		.byte	0
 1097 03c9 00        		.byte	0
 1098 03ca 41        		.byte	65
 1099 03cb 36        		.byte	54
 1100 03cc 08        		.byte	8
 1101 03cd 00        		.byte	0
 1102 03ce 08        		.byte	8
 1103 03cf 08        		.byte	8
 1104 03d0 2A        		.byte	42
 1105 03d1 1C        		.byte	28
 1106 03d2 08        		.byte	8
 1107 03d3 08        		.byte	8
 1108 03d4 1C        		.byte	28
 1109 03d5 2A        		.byte	42
 1110 03d6 08        		.byte	8
 1111 03d7 08        		.byte	8
 1112               		.comm state,1,1
 1137               	.Letext0:
DEFINED SYMBOLS
                            *ABS*:00000000 main.c
C:\Users\lucas\AppData\Local\Temp/cc3pRwSh.s:2      *ABS*:0000003f __SREG__
C:\Users\lucas\AppData\Local\Temp/cc3pRwSh.s:3      *ABS*:0000003e __SP_H__
C:\Users\lucas\AppData\Local\Temp/cc3pRwSh.s:4      *ABS*:0000003d __SP_L__
C:\Users\lucas\AppData\Local\Temp/cc3pRwSh.s:5      *ABS*:00000034 __CCP__
C:\Users\lucas\AppData\Local\Temp/cc3pRwSh.s:6      *ABS*:00000000 __tmp_reg__
C:\Users\lucas\AppData\Local\Temp/cc3pRwSh.s:7      *ABS*:00000001 __zero_reg__
C:\Users\lucas\AppData\Local\Temp/cc3pRwSh.s:18     .text:00000000 main
C:\Users\lucas\AppData\Local\Temp/cc3pRwSh.s:631    .progmem.data:000001f8 Font5x7
                            *COM*:00000001 state
C:\Users\lucas\AppData\Local\Temp/cc3pRwSh.s:124    .progmem.data:00000000 batman

UNDEFINED SYMBOLS
glcd_init
glcd_clear
glcd_write
glcd_tiny_set_font
glcd_clear_buffer
glcd_test_circles
glcd_test_counter_and_graph
glcd_test_text_up_down
glcd_test_tiny_text
glcd_test_hello_world
glcd_test_rectangles
glcd_test_scrolling_graph
glcd_draw_bitmap
__do_clear_bss
